c:\users\ibm88\onedrive\桌面\final_project\final_project\x64\debug\vc143.pdb
c:\users\ibm88\onedrive\桌面\final_project\final_project\x64\debug\vc143.idb
c:\users\ibm88\onedrive\桌面\final_project\final_project\x64\debug\main.obj
c:\users\ibm88\onedrive\桌面\final_project\final_project\x64\debug\system.obj
c:\users\ibm88\onedrive\桌面\final_project\final_project\x64\debug\staticobject.obj
c:\users\ibm88\onedrive\桌面\final_project\final_project\x64\debug\renderwindow.obj
c:\users\ibm88\onedrive\桌面\final_project\final_project\x64\debug\object.obj
c:\users\ibm88\onedrive\桌面\final_project\final_project\x64\debug\monster.obj
c:\users\ibm88\onedrive\桌面\final_project\final_project\x64\debug\map.obj
c:\users\ibm88\onedrive\桌面\final_project\final_project\x64\debug\image.obj
c:\users\ibm88\onedrive\桌面\final_project\final_project\x64\debug\coordinate.obj
c:\users\ibm88\onedrive\桌面\final_project\final_project\x64\debug\attack.obj
c:\users\ibm88\onedrive\桌面\final_project\final_project\x64\debug\animeobject2.obj
c:\users\ibm88\onedrive\桌面\final_project\final_project\x64\debug\animeobject.obj
c:\users\ibm88\onedrive\桌面\final_project\x64\debug\final_project.exe
c:\users\ibm88\onedrive\桌面\final_project\final_project\x64\debug\final_project.ilk
c:\users\ibm88\onedrive\桌面\final_project\x64\debug\final_project.pdb
c:\users\ibm88\onedrive\桌面\final_project\final_project\x64\debug\collision.obj
c:\users\ibm88\onedrive\桌面\final_project\final_project\x64\debug\event.obj
c:\users\ibm88\onedrive\桌面\final_project\final_project\x64\debug\role.obj
c:\users\ibm88\onedrive\桌面\final_project\final_project\x64\debug\collision.obj.enc
c:\users\ibm88\onedrive\桌面\final_project\final_project\x64\debug\final_project.tlog\cl.command.1.tlog
c:\users\ibm88\onedrive\桌面\final_project\final_project\x64\debug\final_project.tlog\cl.read.1.tlog
c:\users\ibm88\onedrive\桌面\final_project\final_project\x64\debug\final_project.tlog\cl.write.1.tlog
c:\users\ibm88\onedrive\桌面\final_project\final_project\x64\debug\final_project.tlog\link.command.1.tlog
c:\users\ibm88\onedrive\桌面\final_project\final_project\x64\debug\final_project.tlog\link.read.1.tlog
c:\users\ibm88\onedrive\桌面\final_project\final_project\x64\debug\final_project.tlog\link.write.1.tlog
